{
  "RSpec": {
    "coverage": {
      "/Users/kirankukar/Projects/GroupProjects/MakersBNB/MakersBNB5/spec/features/list_spaces_spec.rb": {
        "lines": [
          1,
          1,
          1,
          null,
          1,
          1,
          null,
          1,
          null,
          null,
          null
        ]
      },
      "/Users/kirankukar/Projects/GroupProjects/MakersBNB/MakersBNB5/spec/features/testing_infrastructure_spec.rb": {
        "lines": [
          1,
          1,
          1,
          1,
          null,
          null
        ]
      },
      "/Users/kirankukar/Projects/GroupProjects/MakersBNB/MakersBNB5/spec/space_spec.rb": {
        "lines": [
          1,
          null,
          1,
          1,
          1,
          1,
          null,
          1,
          1,
          null,
          1,
          null,
          1,
          1,
          null,
          null,
          null,
          null
        ]
      },
      "/Users/kirankukar/Projects/GroupProjects/MakersBNB/MakersBNB5/lib/space.rb": {
        "lines": [
          1,
          null,
          1,
          null,
          1,
          1,
          1,
          null,
          0,
          null,
          1,
          3,
          null,
          null,
          1,
          0,
          0,
          null,
          0,
          null,
          null,
          0,
          null,
          null
        ]
      }
    },
    "timestamp": 1642507101
  }
}
