{
  "RSpec": {
    "coverage": {
      "/Volumes/GoogleDrive-113727211316268977729/Mi unidad/Makers/PROJECTS/MakersBNB5/spec/features/list_spaces_spec.rb": {
      "lines": [
          1,
          1,
          1,

          1,
          1,
          1,
          1,
          null,
          1,
          null,
          1,
          1,
          null,
          null,
          null
        ]
      },
      "/Volumes/GoogleDrive-113727211316268977729/Mi unidad/Makers/PROJECTS/MakersBNB5/spec/features/testing_infrastructure_spec.rb": {
        "lines": [
          1,
          1,
          1,
          1,
          null,
          null
        ]
      },
      "/Volumes/GoogleDrive-113727211316268977729/Mi unidad/Makers/PROJECTS/MakersBNB5/spec/space_spec.rb": {
        "lines": [
          1,
          1,
          null,
          1,
          null,
          1,
          1,
          1,
          null,
          1,
          1,
          null,
          1,
          null,
          1,
          1,
          1,
          1,
          null,
          null,
          null,
          1,
          1,
          null,
          1,
          1,
          null,
          null,
          1,
          1,
          1,
          null,
          null,
          null
        ]
      },
      "/Volumes/GoogleDrive-113727211316268977729/Mi unidad/Makers/PROJECTS/MakersBNB5/spec/database_helper.rb": {
        "lines": [
          1,
          0,
          0,
          0,
          null
        ]
      }
    },

    "timestamp": 1642523449

  }
}
